<?xml version="1.0" encoding="UTF-8"?>
<!-- Generated by org.testng.reporters.JUnitReportReporter -->
<testsuite skipped="0" hostname="Mds-MBP-5" name="com.qa.Test.GetApiTest" tests="1" failures="0" timestamp="01 May 2020 19:10:47 GMT" time="0.993" errors="0">
  <testcase name="getTest" time="0.993" classname="com.qa.Test.GetApiTest"/>
</testsuite> <!-- com.qa.Test.GetApiTest -->
