<?xml version="1.0" encoding="UTF-8"?>
<!-- Generated by org.testng.reporters.JUnitReportReporter -->
<testsuite skipped="0" hostname="Mds-MBP-5" name="com.qa.Test.PostApiTest" tests="1" failures="0" timestamp="02 May 2020 16:55:01 GMT" time="0.887" errors="0">
  <testcase name="postApiTest" time="0.887" classname="com.qa.Test.PostApiTest"/>
</testsuite> <!-- com.qa.Test.PostApiTest -->
