<?xml version="1.0" encoding="UTF-8"?>
<!-- Generated by org.testng.reporters.JUnitReportReporter -->
<testsuite skipped="0" hostname="Mds-MBP-5" name="com.qa.Test.GetApiTest" tests="2" failures="0" timestamp="02 May 2020 04:23:13 GMT" time="0.704" errors="0">
  <testcase name="getApiTestWithOutHeader" time="0.582" classname="com.qa.Test.GetApiTest"/>
  <testcase name="getApiTesWithHeader" time="0.122" classname="com.qa.Test.GetApiTest"/>
</testsuite> <!-- com.qa.Test.GetApiTest -->
